Sun Apr 22 23:05:11 2012 Отчет CNmrkyKqMXDoKAvrfGVagYTrAmUoYjIGWwYlLhFv создан
Sun Apr 22 23:36:40 2012 Отчет CNmrkyKqMXDoKAvrfGVagYTrAmUoYjIGWwYlLhFv создан
Sun Apr 22 23:36:58 2012 Отчет CNmrkyKqMXDoKAvrfGVagYTrAmUoYjIGWwYlLhFv создан
Sun Apr 22 23:38:16 2012 Отчет CNmrkyKqMXDoKAvrfGVagYTrAmUoYjIGWwYlLhFv создан
Sun Apr 22 23:41:41 2012 Отчет CNmrkyKqMXDoKAvrfGVagYTrAmUoYjIGWwYlLhFv создан
Sun Apr 22 23:42:42 2012 Отчет CNmrkyKqMXDoKAvrfGVagYTrAmUoYjIGWwYlLhFv создан
Mon Apr 23 00:00:11 2012 Отчет CNmrkyKqMXDoKAvrfGVagYTrAmUoYjIGWwYlLhFv создан
Mon Apr 23 00:01:56 2012 Отчет CNmrkyKqMXDoKAvrfGVagYTrAmUoYjIGWwYlLhFv создан
Mon Apr 23 00:02:32 2012 Отчет CNmrkyKqMXDoKAvrfGVagYTrAmUoYjIGWwYlLhFv создан
Mon Apr 23 00:03:08 2012 Отчет CNmrkyKqMXDoKAvrfGVagYTrAmUoYjIGWwYlLhFv создан
Mon Apr 23 00:38:40 2012 Отчет CNmrkyKqMXDoKAvrfGVagYTrAmUoYjIGWwYlLhFv создан
Mon Apr 23 00:39:01 2012 Отчет CNmrkyKqMXDoKAvrfGVagYTrAmUoYjIGWwYlLhFv создан
Mon Apr 23 01:11:38 2012 Отчет CNmrkyKqMXDoKAvrfGVagYTrAmUoYjIGWwYlLhFv создан
Mon Apr 23 01:12:36 2012 Отчет CNmrkyKqMXDoKAvrfGVagYTrAmUoYjIGWwYlLhFv создан
Mon Apr 23 01:17:34 2012 Отчет CNmrkyKqMXDoKAvrfGVagYTrAmUoYjIGWwYlLhFv создан
Mon Apr 23 01:17:51 2012 Отчет CNmrkyKqMXDoKAvrfGVagYTrAmUoYjIGWwYlLhFv создан
Mon Apr 23 01:22:37 2012 Отчет CNmrkyKqMXDoKAvrfGVagYTrAmUoYjIGWwYlLhFv создан
Mon Apr 23 01:24:39 2012 Отчет CNmrkyKqMXDoKAvrfGVagYTrAmUoYjIGWwYlLhFv создан
Mon Apr 23 01:25:48 2012 Отчет CNmrkyKqMXDoKAvrfGVagYTrAmUoYjIGWwYlLhFv создан
Mon Apr 23 01:27:24 2012 Отчет srMfMKEcGAoFnfxiedJTvoeAtfeFcmcwjySRyzZt создан
Mon Apr 23 01:28:09 2012 Отчет srMfMKEcGAoFnfxiedJTvoeAtfeFcmcwjySRyzZt создан
Mon Apr 23 01:28:09 2012 Отчет YFtoKXWozrgXlUxgrLUWtuKWJRAtKMTAAVyeXkAt создан
Mon Apr 23 01:32:30 2012 Отчет aiFAYTkUtoGokyTAvZLzOncJrzLorUJurGFVrvSc создан
Mon Apr 23 01:32:52 2012 Отчет PEsAzumuixtaqeohURpaiNrwiFazdtrtyZRqcgdo создан
Mon Apr 23 01:33:52 2012 Отчет zvUMEuMGhOSmKBNARaaisXYQWgGvDbOPdkciPAyT создан
Mon Apr 23 01:36:52 2012 Отчет MuTKfOgFfwtwzrMbneoHqDNRMUoxRVRHBsRNCpap создан
Mon Apr 23 01:37:49 2012 Отчет xiIExRsdBLnHMhaxKLkmbwQFOawaBsdUjFbDsURr создан
Mon Apr 23 01:38:04 2012 Отчет TYkBliSgZvEWBOIqpluerZqAZltgGeEMbuAuoIRp создан
Mon Apr 23 01:38:15 2012 Отчет PpSFWVCvxdBcGzNXWbgtpnGeRkrqwSaHWIOwjCdB создан
Mon Apr 23 01:43:17 2012 Отчет aUqSfESjvGbaTjaIJLTOTIbGALlTBVGNnwunkjfh создан
Mon Apr 23 01:44:22 2012 Отчет aUqSfESjvGbaTjaIJLTOTIbGALlTBVGNnwunkjfh создан
Mon Apr 23 01:51:53 2012 Отчет aUqSfESjvGbaTjaIJLTOTIbGALlTBVGNnwunkjfh создан
Mon Apr 23 01:53:20 2012 Отчет aUqSfESjvGbaTjaIJLTOTIbGALlTBVGNnwunkjfh создан
Mon Apr 23 01:55:02 2012 Отчет aUqSfESjvGbaTjaIJLTOTIbGALlTBVGNnwunkjfh создан
Mon Apr 23 01:56:01 2012 Отчет aUqSfESjvGbaTjaIJLTOTIbGALlTBVGNnwunkjfh создан
Mon Apr 23 01:59:16 2012 Отчет aUqSfESjvGbaTjaIJLTOTIbGALlTBVGNnwunkjfh создан
Mon Apr 23 01:59:59 2012 Отчет aUqSfESjvGbaTjaIJLTOTIbGALlTBVGNnwunkjfh создан
Mon Apr 23 02:01:20 2012 Отчет aUqSfESjvGbaTjaIJLTOTIbGALlTBVGNnwunkjfh создан
Mon Apr 23 02:04:20 2012 РћС‚С‡РµС‚ aUqSfESjvGbaTjaIJLTOTIbGALlTBVGNnwunkjfh СЃРѕР·РґР°РЅ
Mon Apr 23 02:04:27 2012 РћС‚С‡РµС‚ aUqSfESjvGbaTjaIJLTOTIbGALlTBVGNnwunkjfh СЃРѕР·РґР°РЅ
Mon Apr 23 02:05:08 2012 РћС‚С‡РµС‚ aUqSfESjvGbaTjaIJLTOTIbGALlTBVGNnwunkjfh СЃРѕР·РґР°РЅ
Mon Apr 23 02:05:30 2012 РћС‚С‡РµС‚ aUqSfESjvGbaTjaIJLTOTIbGALlTBVGNnwunkjfh СЃРѕР·РґР°РЅ
Mon Apr 23 02:09:15 2012 РћС‚С‡РµС‚ aUqSfESjvGbaTjaIJLTOTIbGALlTBVGNnwunkjfh СЃРѕР·РґР°РЅ
Mon Apr 23 02:11:27 2012 РћС‚С‡РµС‚ aUqSfESjvGbaTjaIJLTOTIbGALlTBVGNnwunkjfh СЃРѕР·РґР°РЅ
Mon Apr 23 02:12:35 2012 РћС‚С‡РµС‚ aUqSfESjvGbaTjaIJLTOTIbGALlTBVGNnwunkjfh СЃРѕР·РґР°РЅ
Mon Apr 23 02:13:25 2012 РћС‚С‡РµС‚ aUqSfESjvGbaTjaIJLTOTIbGALlTBVGNnwunkjfh СЃРѕР·РґР°РЅ
Mon Apr 23 02:15:03 2012 РћС‚С‡РµС‚ aUqSfESjvGbaTjaIJLTOTIbGALlTBVGNnwunkjfh СЃРѕР·РґР°РЅ
Mon Apr 23 02:16:00 2012 РћС‚С‡РµС‚ aUqSfESjvGbaTjaIJLTOTIbGALlTBVGNnwunkjfh СЃРѕР·РґР°РЅ
Mon Apr 23 02:17:01 2012 РћС‚С‡РµС‚ aUqSfESjvGbaTjaIJLTOTIbGALlTBVGNnwunkjfh СЃРѕР·РґР°РЅ
Mon Apr 23 02:17:36 2012 РћС‚С‡РµС‚ aUqSfESjvGbaTjaIJLTOTIbGALlTBVGNnwunkjfh СЃРѕР·РґР°РЅ
Mon Apr 23 02:17:51 2012 РћС‚С‡РµС‚ tZydIzRaTrKVqEkftCYuZFbVBXqrhgOfkuPNzWhP СЃРѕР·РґР°РЅ
Mon Apr 23 02:18:02 2012 РћС‚С‡РµС‚ vIQYgZtMqvtgnnPOUDKNOFyxMYczMgkHUwElWUKT СЃРѕР·РґР°РЅ
Mon Apr 23 02:18:16 2012 РћС‚С‡РµС‚ opWwPOmTMbmQLwHROeYNqrbLUtnjBxxHjDjWGfWu СЃРѕР·РґР°РЅ
Mon Apr 23 02:18:26 2012 РћС‚С‡РµС‚ PHMXenkTQWbnNUJVllumrjQridlCItyEcQLOJaSL СЃРѕР·РґР°РЅ
Mon Apr 23 02:18:41 2012 РћС‚С‡РµС‚ fUaoZJMHHRWzrNMjaugqMKjMqGQMgNgTJRfpIMEy СЃРѕР·РґР°РЅ
Mon Apr 23 08:45:38 2012 РћС‚С‡РµС‚ NUdmYNFxuPcQOmTlpGTqlJskJFSxZNGIFlNsvWiX СЃРѕР·РґР°РЅ
Mon Apr 23 08:46:56 2012 РћС‚С‡РµС‚ nVfauRHBqQxDQNKoEllFAvojAdvPOKIZTFMCxuuO СЃРѕР·РґР°РЅ
Mon Apr 23 08:47:11 2012 РћС‚С‡РµС‚ qIkESfAopKfCyYhEmjDvxGuhAnTTFTjpkRnIVGlA СЃРѕР·РґР°РЅ
Mon Apr 23 08:47:54 2012 РћС‚С‡РµС‚ abJcgxfVMzewmdfhSGYEFTPbgTchUdfICWUoTHUr СЃРѕР·РґР°РЅ
Mon Apr 23 08:48:12 2012 РћС‚С‡РµС‚ LSkXOAXuuWbcUrqsqJQmxebkznnlZPCFKOnJqBBm СЃРѕР·РґР°РЅ
